ApiDemos/app/build/outputs/logs/manifest-merger-debug-report.txt
-- Merging decision tree log ---
manifest
ADDED from src\main\AndroidManifest.xml:22:1-2715:12
	package
		ADDED from src\main\AndroidManifest.xml:23:5-39
		INJECTED from src\main\AndroidManifest.xml
		INJECTED from src\main\AndroidManifest.xml
	xmlns:android
		ADDED from src\main\AndroidManifest.xml:22:11-69
uses-permission#android.permission.READ_CONTACTS
ADDED from src\main\AndroidManifest.xml:25:5-72
	android:name
		ADDED from src\main\AndroidManifest.xml:25:22-69
uses-permission#android.permission.WRITE_CONTACTS
ADDED from src\main\AndroidManifest.xml:26:5-73
	android:name
		ADDED from src\main\AndroidManifest.xml:26:22-70
uses-permission#android.permission.VIBRATE
ADDED from src\main\AndroidManifest.xml:27:5-66
	android:name
		ADDED from src\main\AndroidManifest.xml:27:22-63
uses-permission#android.permission.ACCESS_COARSE_LOCATION
ADDED from src\main\AndroidManifest.xml:28:5-81
	android:name
		ADDED from src\main\AndroidManifest.xml:28:22-78
uses-permission#android.permission.INTERNET
ADDED from src\main\AndroidManifest.xml:29:5-67
	android:name
		ADDED from src\main\AndroidManifest.xml:29:22-64
uses-permission#android.permission.SET_WALLPAPER
ADDED from src\main\AndroidManifest.xml:30:5-72
	android:name
		ADDED from src\main\AndroidManifest.xml:30:22-69
uses-permission#android.permission.WRITE_EXTERNAL_STORAGE
ADDED from src\main\AndroidManifest.xml:31:5-81
	android:name
		ADDED from src\main\AndroidManifest.xml:31:22-78
uses-permission#android.permission.SEND_SMS
ADDED from src\main\AndroidManifest.xml:32:5-67
	android:name
		ADDED from src\main\AndroidManifest.xml:32:22-64
uses-permission#android.permission.RECEIVE_SMS
ADDED from src\main\AndroidManifest.xml:33:5-70
	android:name
		ADDED from src\main\AndroidManifest.xml:33:22-67
uses-permission#android.permission.NFC
ADDED from src\main\AndroidManifest.xml:34:5-62
	android:name
		ADDED from src\main\AndroidManifest.xml:34:22-59
uses-permission#android.permission.RECORD_AUDIO
ADDED from src\main\AndroidManifest.xml:37:5-71
	android:name
		ADDED from src\main\AndroidManifest.xml:37:22-68
uses-sdk
ADDED from src\main\AndroidManifest.xml:39:5-73
	android:targetSdkVersion
		ADDED from src\main\AndroidManifest.xml:39:41-70
		INJECTED from src\main\AndroidManifest.xml
		INJECTED from src\main\AndroidManifest.xml
	android:minSdkVersion
		ADDED from src\main\AndroidManifest.xml:39:15-40
		INJECTED from src\main\AndroidManifest.xml
		INJECTED from src\main\AndroidManifest.xml
uses-permission#android.permission.CAMERA
ADDED from src\main\AndroidManifest.xml:43:5-65
	android:name
		ADDED from src\main\AndroidManifest.xml:43:22-62
uses-feature#android.hardware.camera
ADDED from src\main\AndroidManifest.xml:44:5-60
	android:name
		ADDED from src\main\AndroidManifest.xml:44:19-57
uses-feature#android.hardware.camera.autofocus
ADDED from src\main\AndroidManifest.xml:45:5-95
	android:required
		ADDED from src\main\AndroidManifest.xml:45:68-92
	android:name
		ADDED from src\main\AndroidManifest.xml:45:19-67
application
ADDED from src\main\AndroidManifest.xml:47:5-2709:19
	android:label
		ADDED from src\main\AndroidManifest.xml:48:13-57
	android:hardwareAccelerated
		ADDED from src\main\AndroidManifest.xml:50:13-47
	android:icon
		ADDED from src\main\AndroidManifest.xml:49:13-53
	android:name
		ADDED from src\main\AndroidManifest.xml:47:18-52
uses-library#com.example.will.never.exist
ADDED from src\main\AndroidManifest.xml:54:9-94
	android:required
		ADDED from src\main\AndroidManifest.xml:54:67-91
	android:name
		ADDED from src\main\AndroidManifest.xml:54:23-66
activity#com.example.android.apis.ApiDemos
ADDED from src\main\AndroidManifest.xml:56:9-62:20
	android:name
		ADDED from src\main\AndroidManifest.xml:56:19-42
intent-filter#android.intent.action.MAIN+android.intent.category.DEFAULT+android.intent.category.LAUNCHER
ADDED from src\main\AndroidManifest.xml:57:13-61:29
action#android.intent.action.MAIN
ADDED from src\main\AndroidManifest.xml:58:17-69
	android:name
		ADDED from src\main\AndroidManifest.xml:58:25-66
category#android.intent.category.DEFAULT
ADDED from src\main\AndroidManifest.xml:59:17-76
	android:name
		ADDED from src\main\AndroidManifest.xml:59:27-73
category#android.intent.category.LAUNCHER
ADDED from src\main\AndroidManifest.xml:60:17-77
	android:name
		ADDED from src\main\AndroidManifest.xml:60:27-74
activity#com.example.android.apis.app.HelloWorld
ADDED from src\main\AndroidManifest.xml:70:9-75:20
	android:label
		ADDED from src\main\AndroidManifest.xml:70:50-94
	android:name
		ADDED from src\main\AndroidManifest.xml:70:19-49
intent-filter#android.intent.action.MAIN+android.intent.category.SAMPLE_CODE
ADDED from src\main\AndroidManifest.xml:71:13-74:29
category#android.intent.category.SAMPLE_CODE
ADDED from src\main\AndroidManifest.xml:73:17-80
	android:name
		ADDED from src\main\AndroidManifest.xml:73:27-77
activity#com.example.android.apis.app.DialogActivity
ADDED from src\main\AndroidManifest.xml:77:9-84:20
	android:label
		ADDED from src\main\AndroidManifest.xml:78:17-56
	android:theme
		ADDED from src\main\AndroidManifest.xml:79:17-65
	android:name
		ADDED from src\main\AndroidManifest.xml:77:19-53
activity#com.example.android.apis.app.CustomDialogActivity
ADDED from src\main\AndroidManifest.xml:86:9-93:20
	android:label
		ADDED from src\main\AndroidManifest.xml:87:17-63
	android:theme
		ADDED from src\main\AndroidManifest.xml:88:17-58
	android:name
		ADDED from src\main\AndroidManifest.xml:86:19-59
activity#com.example.android.apis.app.QuickContactsDemo
ADDED from src\main\AndroidManifest.xml:95:8-101:20
	android:label
		ADDED from src\main\AndroidManifest.xml:96:17-60
	android:name
		ADDED from src\main\AndroidManifest.xml:95:18-55
activity#com.example.android.apis.app.WallpaperActivity
ADDED from src\main\AndroidManifest.xml:103:9-110:20
	android:label
		ADDED from src\main\AndroidManifest.xml:104:17-59
	android:theme
		ADDED from src\main\AndroidManifest.xml:105:17-55
	android:name
		ADDED from src\main\AndroidManifest.xml:103:19-56
activity#com.example.android.apis.app.TranslucentActivity
ADDED from src\main\AndroidManifest.xml:112:9-119:20
	android:label
		ADDED from src\main\AndroidManifest.xml:113:17-61
	android:theme
		ADDED from src\main\AndroidManifest.xml:114:17-57
	android:name
		ADDED from src\main\AndroidManifest.xml:112:19-58
activity#com.example.android.apis.app.TranslucentBlurActivity
ADDED from src\main\AndroidManifest.xml:121:9-128:20
	android:label
		ADDED from src\main\AndroidManifest.xml:122:17-66
	android:theme
		ADDED from src\main\AndroidManifest.xml:123:17-57
	android:name
		ADDED from src\main\AndroidManifest.xml:121:19-62
activity#com.example.android.apis.app.Animation
ADDED from src\main\AndroidManifest.xml:130:9-135:20
	android:label
		ADDED from src\main\AndroidManifest.xml:130:49-91
	android:name
		ADDED from src\main\AndroidManifest.xml:130:19-48
activity#com.example.android.apis.app.SaveRestoreState
ADDED from src\main\AndroidManifest.xml:137:9-144:20
	android:label
		ADDED from src\main\AndroidManifest.xml:138:17-62
	android:windowSoftInputMode
		ADDED from src\main\AndroidManifest.xml:139:17-72
	android:name
		ADDED from src\main\AndroidManifest.xml:137:19-55
activity#com.example.android.apis.app.PersistentState
ADDED from src\main\AndroidManifest.xml:146:9-153:20
	android:label
		ADDED from src\main\AndroidManifest.xml:147:17-60
	android:windowSoftInputMode
		ADDED from src\main\AndroidManifest.xml:148:17-72
	android:name
		ADDED from src\main\AndroidManifest.xml:146:19-54
activity#com.example.android.apis.app.ActivityRecreate
ADDED from src\main\AndroidManifest.xml:155:9-162:20
	android:enabled
		ADDED from src\main\AndroidManifest.xml:157:17-57
	android:label
		ADDED from src\main\AndroidManifest.xml:156:17-58
	android:name
		ADDED from src\main\AndroidManifest.xml:155:19-55
activity#com.example.android.apis.app.SoftInputModes
ADDED from src\main\AndroidManifest.xml:164:9-170:20
	android:label
		ADDED from src\main\AndroidManifest.xml:165:17-57
	android:name
		ADDED from src\main\AndroidManifest.xml:164:19-53
activity#com.example.android.apis.app.ReceiveResult
ADDED from src\main\AndroidManifest.xml:172:9-177:20
	android:label
		ADDED from src\main\AndroidManifest.xml:172:53-100
	android:name
		ADDED from src\main\AndroidManifest.xml:172:19-52
activity#com.example.android.apis.app.SendResult
ADDED from src\main\AndroidManifest.xml:179:9-181:20
	android:theme
		ADDED from src\main\AndroidManifest.xml:180:17-60
	android:name
		ADDED from src\main\AndroidManifest.xml:179:19-49
activity#com.example.android.apis.app.Forwarding
ADDED from src\main\AndroidManifest.xml:183:9-188:20
	android:label
		ADDED from src\main\AndroidManifest.xml:183:50-93
	android:name
		ADDED from src\main\AndroidManifest.xml:183:19-49
activity#com.example.android.apis.app.ForwardTarget
ADDED from src\main\AndroidManifest.xml:190:9-191:20
	android:name
		ADDED from src\main\AndroidManifest.xml:190:19-52
activity#com.example.android.apis.app.RedirectEnter
ADDED from src\main\AndroidManifest.xml:193:9-198:20
	android:label
		ADDED from src\main\AndroidManifest.xml:193:53-94
	android:name
		ADDED from src\main\AndroidManifest.xml:193:19-52
activity#com.example.android.apis.app.RedirectMain
ADDED from src\main\AndroidManifest.xml:200:9-201:20
	android:name
		ADDED from src\main\AndroidManifest.xml:200:19-51
activity#com.example.android.apis.app.RedirectGetter
ADDED from src\main\AndroidManifest.xml:203:9-204:20
	android:name
		ADDED from src\main\AndroidManifest.xml:203:19-53
activity#com.example.android.apis.app.CustomTitle
ADDED from src\main\AndroidManifest.xml:208:9-216:20
	android:label
		ADDED from src\main\AndroidManifest.xml:209:17-62
	android:windowSoftInputMode
		ADDED from src\main\AndroidManifest.xml:210:17-69
	android:theme
		ADDED from src\main\AndroidManifest.xml:211:17-53
	android:name
		ADDED from src\main\AndroidManifest.xml:208:19-50
activity#com.example.android.apis.app.ReorderOnLaunch
ADDED from src\main\AndroidManifest.xml:218:9-224:20
	android:label
		ADDED from src\main\AndroidManifest.xml:219:17-57
	android:name
		ADDED from src\main\AndroidManifest.xml:218:19-54
activity#com.example.android.apis.app.ReorderTwo
ADDED from src\main\AndroidManifest.xml:226:9-52
	android:name
		ADDED from src\main\AndroidManifest.xml:226:19-49
activity#com.example.android.apis.app.ReorderThree
ADDED from src\main\AndroidManifest.xml:227:9-54
	android:name
		ADDED from src\main\AndroidManifest.xml:227:19-51
activity#com.example.android.apis.app.ReorderFour
ADDED from src\main\AndroidManifest.xml:228:9-53
	android:name
		ADDED from src\main\AndroidManifest.xml:228:19-50
activity#com.example.android.apis.app.SetWallpaperActivity
ADDED from src\main\AndroidManifest.xml:230:9-236:20
	android:label
		ADDED from src\main\AndroidManifest.xml:231:19-64
	android:name
		ADDED from src\main\AndroidManifest.xml:230:19-59
activity#com.example.android.apis.app.ScreenOrientation
ADDED from src\main\AndroidManifest.xml:238:9-244:20
	android:label
		ADDED from src\main\AndroidManifest.xml:239:19-70
	android:name
		ADDED from src\main\AndroidManifest.xml:238:19-56
activity#com.example.android.apis.app.FragmentAlertDialog
ADDED from src\main\AndroidManifest.xml:248:9-255:20
	android:enabled
		ADDED from src\main\AndroidManifest.xml:250:17-57
	android:label
		ADDED from src\main\AndroidManifest.xml:249:17-62
	android:name
		ADDED from src\main\AndroidManifest.xml:248:19-58
activity#com.example.android.apis.app.FragmentArguments
ADDED from src\main\AndroidManifest.xml:257:9-264:20
	android:enabled
		ADDED from src\main\AndroidManifest.xml:259:17-57
	android:label
		ADDED from src\main\AndroidManifest.xml:258:17-59
	android:name
		ADDED from src\main\AndroidManifest.xml:257:19-56
activity#com.example.android.apis.app.FragmentCustomAnimations
ADDED from src\main\AndroidManifest.xml:266:9-273:20
	android:enabled
		ADDED from src\main\AndroidManifest.xml:268:17-60
	android:label
		ADDED from src\main\AndroidManifest.xml:267:17-67
	android:name
		ADDED from src\main\AndroidManifest.xml:266:19-63
activity#com.example.android.apis.app.FragmentHideShow
ADDED from src\main\AndroidManifest.xml:275:9-283:20
	android:enabled
		ADDED from src\main\AndroidManifest.xml:278:17-57
	android:label
		ADDED from src\main\AndroidManifest.xml:276:17-59
	android:windowSoftInputMode
		ADDED from src\main\AndroidManifest.xml:277:17-61
	android:name
		ADDED from src\main\AndroidManifest.xml:275:19-55
activity#com.example.android.apis.app.FragmentContextMenu
ADDED from src\main\AndroidManifest.xml:285:9-292:20
	android:enabled
		ADDED from src\main\AndroidManifest.xml:287:17-57
	android:label
		ADDED from src\main\AndroidManifest.xml:286:17-62
	android:name
		ADDED from src\main\AndroidManifest.xml:285:19-58
activity#com.example.android.apis.app.FragmentDialog
ADDED from src\main\AndroidManifest.xml:294:9-301:20
	android:enabled
		ADDED from src\main\AndroidManifest.xml:296:17-57
	android:label
		ADDED from src\main\AndroidManifest.xml:295:17-56
	android:name
		ADDED from src\main\AndroidManifest.xml:294:19-53
activity#com.example.android.apis.app.FragmentDialogOrActivity
ADDED from src\main\AndroidManifest.xml:303:9-310:20
	android:enabled
		ADDED from src\main\AndroidManifest.xml:305:17-57
	android:label
		ADDED from src\main\AndroidManifest.xml:304:17-68
	android:name
		ADDED from src\main\AndroidManifest.xml:303:19-63
activity#com.example.android.apis.app.FragmentLayout
ADDED from src\main\AndroidManifest.xml:312:9-319:20
	android:enabled
		ADDED from src\main\AndroidManifest.xml:314:17-57
	android:label
		ADDED from src\main\AndroidManifest.xml:313:17-56
	android:name
		ADDED from src\main\AndroidManifest.xml:312:19-53
activity#com.example.android.apis.app.FragmentLayout$DetailsActivity
ADDED from src\main\AndroidManifest.xml:321:9-322:60
	android:enabled
		ADDED from src\main\AndroidManifest.xml:322:17-57
	android:name
		ADDED from src\main\AndroidManifest.xml:321:19-69
activity#com.example.android.apis.app.FragmentListArray
ADDED from src\main\AndroidManifest.xml:324:9-331:20
	android:enabled
		ADDED from src\main\AndroidManifest.xml:326:17-57
	android:label
		ADDED from src\main\AndroidManifest.xml:325:17-60
	android:name
		ADDED from src\main\AndroidManifest.xml:324:19-56
activity#com.example.android.apis.app.FragmentMenu
ADDED from src\main\AndroidManifest.xml:333:9-340:20
	android:enabled
		ADDED from src\main\AndroidManifest.xml:335:17-57
	android:label
		ADDED from src\main\AndroidManifest.xml:334:17-54
	android:name
		ADDED from src\main\AndroidManifest.xml:333:19-51
activity#com.example.android.apis.app.FragmentRetainInstance
ADDED from src\main\AndroidManifest.xml:342:9-349:20
	android:enabled
		ADDED from src\main\AndroidManifest.xml:344:17-57
	android:label
		ADDED from src\main\AndroidManifest.xml:343:17-65
	android:name
		ADDED from src\main\AndroidManifest.xml:342:19-61
activity#com.example.android.apis.app.FragmentReceiveResult
ADDED from src\main\AndroidManifest.xml:351:9-358:20
	android:enabled
		ADDED from src\main\AndroidManifest.xml:353:17-57
	android:label
		ADDED from src\main\AndroidManifest.xml:352:17-64
	android:name
		ADDED from src\main\AndroidManifest.xml:351:19-60
activity#com.example.android.apis.app.FragmentStack
ADDED from src\main\AndroidManifest.xml:360:9-367:20
	android:enabled
		ADDED from src\main\AndroidManifest.xml:362:17-57
	android:label
		ADDED from src\main\AndroidManifest.xml:361:17-55
	android:name
		ADDED from src\main\AndroidManifest.xml:360:19-52
activity#com.example.android.apis.app.FragmentTabs
ADDED from src\main\AndroidManifest.xml:369:9-376:20
	android:enabled
		ADDED from src\main\AndroidManifest.xml:371:17-57
	android:label
		ADDED from src\main\AndroidManifest.xml:370:17-54
	android:name
		ADDED from src\main\AndroidManifest.xml:369:19-51
activity#com.example.android.apis.app.LoaderCursor
ADDED from src\main\AndroidManifest.xml:380:9-387:20
	android:enabled
		ADDED from src\main\AndroidManifest.xml:382:17-57
	android:label
		ADDED from src\main\AndroidManifest.xml:381:17-54
	android:name
		ADDED from src\main\AndroidManifest.xml:380:19-51
activity#com.example.android.apis.app.LoaderCustom
ADDED from src\main\AndroidManifest.xml:389:9-396:20
	android:enabled
		ADDED from src\main\AndroidManifest.xml:391:17-57
	android:label
		ADDED from src\main\AndroidManifest.xml:390:17-54
	android:name
		ADDED from src\main\AndroidManifest.xml:389:19-51
activity#com.example.android.apis.app.LoaderThrottle
ADDED from src\main\AndroidManifest.xml:399:9-406:20
	android:enabled
		ADDED from src\main\AndroidManifest.xml:401:17-57
	android:label
		ADDED from src\main\AndroidManifest.xml:400:17-56
	android:name
		ADDED from src\main\AndroidManifest.xml:399:19-53
provider#com.example.android.apis.app.LoaderThrottle$SimpleProvider
ADDED from src\main\AndroidManifest.xml:407:9-409:62
	android:authorities
		ADDED from src\main\AndroidManifest.xml:408:19-84
	android:enabled
		ADDED from src\main\AndroidManifest.xml:409:19-59
	android:name
		ADDED from src\main\AndroidManifest.xml:407:19-68
activity#com.example.android.apis.app.Intents
ADDED from src\main\AndroidManifest.xml:414:9-419:20
	android:label
		ADDED from src\main\AndroidManifest.xml:414:47-87
	android:name
		ADDED from src\main\AndroidManifest.xml:414:19-46
activity#com.example.android.apis.app.IntentActivityFlags
ADDED from src\main\AndroidManifest.xml:421:9-427:20
	android:label
		ADDED from src\main\AndroidManifest.xml:422:17-71
	android:name
		ADDED from src\main\AndroidManifest.xml:421:19-58
service#com.example.android.apis.app.LocalService
ADDED from src\main\AndroidManifest.xml:431:9-81
	android:stopWithTask
		ADDED from src\main\AndroidManifest.xml:431:51-78
	android:name
		ADDED from src\main\AndroidManifest.xml:431:18-50
activity#com.example.android.apis.app.LocalServiceActivities$Controller
ADDED from src\main\AndroidManifest.xml:433:9-440:20
	android:label
		ADDED from src\main\AndroidManifest.xml:434:17-74
	android:launchMode
		ADDED from src\main\AndroidManifest.xml:435:17-47
	android:name
		ADDED from src\main\AndroidManifest.xml:433:19-72
activity#com.example.android.apis.app.LocalServiceActivities$Binding
ADDED from src\main\AndroidManifest.xml:442:9-448:20
	android:label
		ADDED from src\main\AndroidManifest.xml:443:17-71
	android:name
		ADDED from src\main\AndroidManifest.xml:442:19-69
service#com.example.android.apis.app.MessengerService
ADDED from src\main\AndroidManifest.xml:451:9-452:45
	android:process
		ADDED from src\main\AndroidManifest.xml:452:17-42
	android:name
		ADDED from src\main\AndroidManifest.xml:451:18-54
activity#com.example.android.apis.app.MessengerServiceActivities$Binding
ADDED from src\main\AndroidManifest.xml:455:9-461:20
	android:label
		ADDED from src\main\AndroidManifest.xml:456:17-75
	android:name
		ADDED from src\main\AndroidManifest.xml:455:19-73
service#com.example.android.apis.app.RemoteService
ADDED from src\main\AndroidManifest.xml:463:9-473:19
	android:process
		ADDED from src\main\AndroidManifest.xml:463:52-77
	android:name
		ADDED from src\main\AndroidManifest.xml:463:18-51
intent-filter#com.example.android.apis.app.IRemoteService+com.example.android.apis.app.ISecondary+com.example.android.apis.app.REMOTE_SERVICE
ADDED from src\main\AndroidManifest.xml:464:13-472:29
action#com.example.android.apis.app.IRemoteService
ADDED from src\main\AndroidManifest.xml:467:17-86
	android:name
		ADDED from src\main\AndroidManifest.xml:467:25-83
action#com.example.android.apis.app.ISecondary
ADDED from src\main\AndroidManifest.xml:468:17-82
	android:name
		ADDED from src\main\AndroidManifest.xml:468:25-79
action#com.example.android.apis.app.REMOTE_SERVICE
ADDED from src\main\AndroidManifest.xml:471:17-86
	android:name
		ADDED from src\main\AndroidManifest.xml:471:25-83
activity#com.example.android.apis.app.RemoteService$Controller
ADDED from src\main\AndroidManifest.xml:475:9-482:20
	android:label
		ADDED from src\main\AndroidManifest.xml:476:17-75
	android:launchMode
		ADDED from src\main\AndroidManifest.xml:477:17-47
	android:name
		ADDED from src\main\AndroidManifest.xml:475:19-63
activity#com.example.android.apis.app.RemoteService$Binding
ADDED from src\main\AndroidManifest.xml:484:9-490:20
	android:label
		ADDED from src\main\AndroidManifest.xml:485:17-72
	android:name
		ADDED from src\main\AndroidManifest.xml:484:19-60
activity#com.example.android.apis.app.RemoteService$BindingOptions
ADDED from src\main\AndroidManifest.xml:492:9-498:20
	android:label
		ADDED from src\main\AndroidManifest.xml:493:17-80
	android:name
		ADDED from src\main\AndroidManifest.xml:492:19-67
service#com.example.android.apis.app.ServiceStartArguments
ADDED from src\main\AndroidManifest.xml:500:9-62
	android:name
		ADDED from src\main\AndroidManifest.xml:500:18-59
activity#com.example.android.apis.app.ServiceStartArguments$Controller
ADDED from src\main\AndroidManifest.xml:502:9-509:20
	android:label
		ADDED from src\main\AndroidManifest.xml:503:17-84
	android:launchMode
		ADDED from src\main\AndroidManifest.xml:504:17-47
	android:name
		ADDED from src\main\AndroidManifest.xml:502:19-71
service#com.example.android.apis.app.ForegroundService
ADDED from src\main\AndroidManifest.xml:511:9-58
	android:name
		ADDED from src\main\AndroidManifest.xml:511:18-55
activity#com.example.android.apis.app.ForegroundService$Controller
ADDED from src\main\AndroidManifest.xml:513:9-520:20
	android:label
		ADDED from src\main\AndroidManifest.xml:514:17-79
	android:launchMode
		ADDED from src\main\AndroidManifest.xml:515:17-47
	android:name
		ADDED from src\main\AndroidManifest.xml:513:19-67
receiver#com.example.android.apis.app.OneShotAlarm
ADDED from src\main\AndroidManifest.xml:524:9-80
	android:process
		ADDED from src\main\AndroidManifest.xml:524:52-77
	android:name
		ADDED from src\main\AndroidManifest.xml:524:19-51
receiver#com.example.android.apis.app.RepeatingAlarm
ADDED from src\main\AndroidManifest.xml:526:9-82
	android:process
		ADDED from src\main\AndroidManifest.xml:526:54-79
	android:name
		ADDED from src\main\AndroidManifest.xml:526:19-53
activity#com.example.android.apis.app.AlarmController
ADDED from src\main\AndroidManifest.xml:528:9-533:20
	android:label
		ADDED from src\main\AndroidManifest.xml:528:55-104
	android:name
		ADDED from src\main\AndroidManifest.xml:528:19-54
service#com.example.android.apis.app.AlarmService_Service
ADDED from src\main\AndroidManifest.xml:535:9-87
	android:process
		ADDED from src\main\AndroidManifest.xml:535:59-84
	android:name
		ADDED from src\main\AndroidManifest.xml:535:18-58
activity#com.example.android.apis.app.AlarmService
ADDED from src\main\AndroidManifest.xml:537:9-542:20
	android:label
		ADDED from src\main\AndroidManifest.xml:537:52-98
	android:name
		ADDED from src\main\AndroidManifest.xml:537:19-51
activity#com.example.android.apis.accessibility.ClockBackActivity
ADDED from src\main\AndroidManifest.xml:548:9-554:20
	android:label
		ADDED from src\main\AndroidManifest.xml:549:13-58
	android:name
		ADDED from src\main\AndroidManifest.xml:548:19-66
service#com.example.android.apis.accessibility.ClockBackService
ADDED from src\main\AndroidManifest.xml:556:9-561:19
	android:label
		ADDED from src\main\AndroidManifest.xml:557:13-64
	android:name
		ADDED from src\main\AndroidManifest.xml:556:18-64
intent-filter#android.accessibilityservice.AccessibilityService
ADDED from src\main\AndroidManifest.xml:558:13-560:29
action#android.accessibilityservice.AccessibilityService
ADDED from src\main\AndroidManifest.xml:559:17-92
	android:name
		ADDED from src\main\AndroidManifest.xml:559:25-89
activity#com.example.android.apis.accessibility.TaskListActivity
ADDED from src\main\AndroidManifest.xml:563:9-570:20
	android:enabled
		ADDED from src\main\AndroidManifest.xml:565:19-66
	android:label
		ADDED from src\main\AndroidManifest.xml:564:19-69
	android:name
		ADDED from src\main\AndroidManifest.xml:563:19-65
service#com.example.android.apis.accessibility.TaskBackService
ADDED from src\main\AndroidManifest.xml:572:9-581:19
	android:enabled
		ADDED from src\main\AndroidManifest.xml:574:18-65
	android:label
		ADDED from src\main\AndroidManifest.xml:573:18-74
	android:name
		ADDED from src\main\AndroidManifest.xml:572:18-63
meta-data#android.accessibilityservice
ADDED from src\main\AndroidManifest.xml:578:13-580:58
	android:resource
		ADDED from src\main\AndroidManifest.xml:580:17-55
	android:name
		ADDED from src\main\AndroidManifest.xml:579:17-60
activity#com.example.android.apis.accessibility.CustomViewAccessibilityActivity
ADDED from src\main\AndroidManifest.xml:583:9-590:20
	android:enabled
		ADDED from src\main\AndroidManifest.xml:585:19-66
	android:label
		ADDED from src\main\AndroidManifest.xml:584:19-68
	android:name
		ADDED from src\main\AndroidManifest.xml:583:19-80
activity#com.example.android.apis.app.LocalSample
ADDED from src\main\AndroidManifest.xml:594:9-599:20
	android:label
		ADDED from src\main\AndroidManifest.xml:594:51-96
	android:name
		ADDED from src\main\AndroidManifest.xml:594:19-50
intent-filter#android.intent.action.MAIN
ADDED from src\main\AndroidManifest.xml:595:13-598:29
activity#com.example.android.apis.app.ContactsFilter
ADDED from src\main\AndroidManifest.xml:601:9-606:20
	android:label
		ADDED from src\main\AndroidManifest.xml:601:54-102
	android:name
		ADDED from src\main\AndroidManifest.xml:601:19-53
activity#com.example.android.apis.app.NotifyWithText
ADDED from src\main\AndroidManifest.xml:611:9-616:20
	android:label
		ADDED from src\main\AndroidManifest.xml:611:54-101
	android:name
		ADDED from src\main\AndroidManifest.xml:611:19-53
activity#com.example.android.apis.app.IncomingMessage
ADDED from src\main\AndroidManifest.xml:618:9-624:20
	android:label
		ADDED from src\main\AndroidManifest.xml:619:17-65
	android:name
		ADDED from src\main\AndroidManifest.xml:618:19-54
activity#com.example.android.apis.app.IncomingMessageView
ADDED from src\main\AndroidManifest.xml:626:9-628:20
	android:label
		ADDED from src\main\AndroidManifest.xml:627:17-69
	android:name
		ADDED from src\main\AndroidManifest.xml:626:19-58
activity#com.example.android.apis.app.IncomingMessageInterstitial
ADDED from src\main\AndroidManifest.xml:631:9-637:20
	android:label
		ADDED from src\main\AndroidManifest.xml:632:17-50
	android:excludeFromRecents
		ADDED from src\main\AndroidManifest.xml:636:17-50
	android:launchMode
		ADDED from src\main\AndroidManifest.xml:634:17-48
	android:theme
		ADDED from src\main\AndroidManifest.xml:633:17-55
	android:taskAffinity
		ADDED from src\main\AndroidManifest.xml:635:17-40
	android:name
		ADDED from src\main\AndroidManifest.xml:631:19-66
activity#com.example.android.apis.app.NotificationDisplay
ADDED from src\main\AndroidManifest.xml:644:9-649:20
	android:excludeFromRecents
		ADDED from src\main\AndroidManifest.xml:647:17-50
	android:noHistory
		ADDED from src\main\AndroidManifest.xml:648:17-41
	android:theme
		ADDED from src\main\AndroidManifest.xml:645:17-57
	android:taskAffinity
		ADDED from src\main\AndroidManifest.xml:646:17-40
	android:name
		ADDED from src\main\AndroidManifest.xml:644:19-58
activity#com.example.android.apis.app.StatusBarNotifications
ADDED from src\main\AndroidManifest.xml:651:9-658:20
	android:label
		ADDED from src\main\AndroidManifest.xml:652:17-60
	android:launchMode
		ADDED from src\main\AndroidManifest.xml:653:17-47
	android:name
		ADDED from src\main\AndroidManifest.xml:651:19-61
service#com.example.android.apis.app.NotifyingService
ADDED from src\main\AndroidManifest.xml:660:9-57
	android:name
		ADDED from src\main\AndroidManifest.xml:660:18-54
activity#com.example.android.apis.app.NotifyingController
ADDED from src\main\AndroidManifest.xml:662:9-667:20
	android:label
		ADDED from src\main\AndroidManifest.xml:662:59-120
	android:name
		ADDED from src\main\AndroidManifest.xml:662:19-58
activity#com.example.android.apis.app.AlertDialogSamples
ADDED from src\main\AndroidManifest.xml:670:9-675:20
	android:label
		ADDED from src\main\AndroidManifest.xml:670:58-103
	android:name
		ADDED from src\main\AndroidManifest.xml:670:19-57
activity#com.example.android.apis.app.SearchInvoke
ADDED from src\main\AndroidManifest.xml:684:9-703:20
	android:label
		ADDED from src\main\AndroidManifest.xml:685:19-56
	android:name
		ADDED from src\main\AndroidManifest.xml:684:19-51
meta-data#android.app.default_searchable
ADDED from src\main\AndroidManifest.xml:693:13-694:66
	android:value
		ADDED from src\main\AndroidManifest.xml:694:24-63
	android:name
		ADDED from src\main\AndroidManifest.xml:693:24-69
activity#com.example.android.apis.app.SearchQueryResults
ADDED from src\main\AndroidManifest.xml:708:9-727:20
	android:label
		ADDED from src\main\AndroidManifest.xml:709:19-63
	android:name
		ADDED from src\main\AndroidManifest.xml:708:19-57
intent-filter#android.intent.action.SEARCH+android.intent.category.DEFAULT
ADDED from src\main\AndroidManifest.xml:717:13-720:29
action#android.intent.action.SEARCH
ADDED from src\main\AndroidManifest.xml:718:17-71
	android:name
		ADDED from src\main\AndroidManifest.xml:718:25-68
meta-data#android.app.searchable
ADDED from src\main\AndroidManifest.xml:725:13-726:61
	android:resource
		ADDED from src\main\AndroidManifest.xml:726:24-58
	android:name
		ADDED from src\main\AndroidManifest.xml:725:24-61
provider#com.example.android.apis.app.SearchSuggestionSampleProvider
ADDED from src\main\AndroidManifest.xml:732:9-733:87
	android:authorities
		ADDED from src\main\AndroidManifest.xml:733:19-84
	android:name
		ADDED from src\main\AndroidManifest.xml:732:19-69
activity#com.example.android.apis.app.LauncherShortcuts
ADDED from src\main\AndroidManifest.xml:758:9-765:20
	android:label
		ADDED from src\main\AndroidManifest.xml:759:19-52
	android:name
		ADDED from src\main\AndroidManifest.xml:758:19-56
activity-alias#com.example.android.apis.app.CreateShortcuts
ADDED from src\main\AndroidManifest.xml:771:9-781:26
	android:label